Build started 23.12.2014 17:58:28.
     1>Project "D:\Project1\Project1\Project1.vcxproj" on node 2 (Build target(s)).
     1>ClCompile:
         C:\Program Files (x86)\Microsoft Visual Studio 12.0\VC\bin\CL.exe /c /ZI /nologo /W3 /WX- /sdl /Od /Oy- /D _MBCS /Gm /EHsc /RTC1 /MDd /GS /fp:precise /Zc:wchar_t /Zc:forScope /Fo"Debug\\" /Fd"Debug\vc120.pdb" /Gd /TC /analyze- /errorReport:prompt main.c spisok.c
         spisok.c
     1>d:\project1\project1\spisok.c(39): warning C4098: 'Spisok_add' : 'void' function returning a value
         main.c
     1>d:\project1\project1\main.c(48): warning C4047: 'function' : 'char *' differs in levels of indirection from 'char (*)[30]'
     1>d:\project1\project1\main.c(48): warning C4024: 'get_value' : different types for formal and actual parameter 1
     1>d:\project1\project1\main.c(59): warning C4047: 'function' : 'char *' differs in levels of indirection from 'char (*)[30]'
     1>d:\project1\project1\main.c(59): warning C4024: 'get_value' : different types for formal and actual parameter 1
     1>d:\project1\project1\main.c(76): warning C4013: 'getch' undefined; assuming extern returning int
         Generating Code...
       Link:
         C:\Program Files (x86)\Microsoft Visual Studio 12.0\VC\bin\link.exe /ERRORREPORT:PROMPT /OUT:"D:\Project1\Debug\Project1.exe" /INCREMENTAL /NOLOGO kernel32.lib user32.lib gdi32.lib winspool.lib comdlg32.lib advapi32.lib shell32.lib ole32.lib oleaut32.lib uuid.lib odbc32.lib odbccp32.lib /MANIFEST /MANIFESTUAC:"level='asInvoker' uiAccess='false'" /manifest:embed /DEBUG /PDB:"D:\Project1\Debug\Project1.pdb" /TLBID:1 /DYNAMICBASE /NXCOMPAT /IMPLIB:"D:\Project1\Debug\Project1.lib" /MACHINE:X86 Debug\main.obj
         Debug\spisok.obj
         Project1.vcxproj -> D:\Project1\Debug\Project1.exe
     1>Done Building Project "D:\Project1\Project1\Project1.vcxproj" (Build target(s)).

Build succeeded.

Time Elapsed 00:00:00.81
